<?xml version="1.0" encoding="utf-8"?>
<TestRun id="69ce58f4-4b25-4d00-b601-e0839a8c9ee0" name="samiiabd@CRLHV-PRET37 2022-10-04 15:18:16" runUser="CONTOURSOFTWARE\samiiabd" xmlns="http://microsoft.com/schemas/VisualStudio/TeamTest/2010">
  <Times creation="2022-10-04T15:18:16.1300622+05:00" queuing="2022-10-04T15:18:16.1300622+05:00" start="2022-10-04T15:17:48.1279510+05:00" finish="2022-10-04T15:18:16.2250619+05:00" />
  <TestSettings name="default" id="c5e21c28-2d35-41d8-a6d9-7fed4a11de2f">
    <Deployment runDeploymentRoot="samiiabd_CRLHV-PRET37_2022-10-04_15_18_16" />
  </TestSettings>
  <Results>
    <UnitTestResult executionId="67f196aa-2df6-4a08-9bf2-b0bcdcb8c037" testId="104106d6-7fc2-415b-a1ca-6a665ae9987d" testName="LoginValid (Data Row 0)" computerName="CRLHV-PRET37" duration="00:00:19.7781733" startTime="2022-10-04T15:17:54.2668862+05:00" endTime="2022-10-04T15:18:15.7495228+05:00" testType="13cdc9d9-ddb5-4fa4-a97d-d965ccfc6d4b" outcome="Passed" testListId="8c84fa94-04c1-424b-9868-57a2d4851a1d" relativeResultsDirectory="67f196aa-2df6-4a08-9bf2-b0bcdcb8c037" />
  </Results>
  <TestDefinitions>
    <UnitTest name="LoginValid (Data Row 0)" storage="c:\users\samiiabd\source\repos\1999abdullah\chaudary-autostore\chaudary_autostore\bin\debug\chaudary_autostore.dll" id="104106d6-7fc2-415b-a1ca-6a665ae9987d">
      <TestCategory>
        <TestCategoryItem TestCategory="login" />
      </TestCategory>
      <Execution id="67f196aa-2df6-4a08-9bf2-b0bcdcb8c037" />
      <TestMethod codeBase="C:\Users\samiiabd\source\repos\1999abdullah\Chaudary-Autostore\Chaudary_Autostore\bin\Debug\Chaudary_Autostore.dll" adapterTypeName="executor://mstestadapter/v2" className="Chaudary_Autostore.Automation" name="LoginValid" />
    </UnitTest>
  </TestDefinitions>
  <TestEntries>
    <TestEntry testId="104106d6-7fc2-415b-a1ca-6a665ae9987d" executionId="67f196aa-2df6-4a08-9bf2-b0bcdcb8c037" testListId="8c84fa94-04c1-424b-9868-57a2d4851a1d" />
  </TestEntries>
  <TestLists>
    <TestList name="Results Not in a List" id="8c84fa94-04c1-424b-9868-57a2d4851a1d" />
    <TestList name="All Loaded Results" id="19431567-8539-422a-85d7-44ee4e166bda" />
  </TestLists>
  <ResultSummary outcome="Completed">
    <Counters total="1" executed="1" passed="1" failed="0" error="0" timeout="0" aborted="0" inconclusive="0" passedButRunAborted="0" notRunnable="0" notExecuted="0" disconnected="0" warning="0" completed="0" inProgress="0" pending="0" />
    <Output>
      <StdOut>MSTest Executor: Test Parallelization enabled for C:\Users\samiiabd\source\repos\1999abdullah\Chaudary-Autostore\Chaudary_Autostore\bin\Debug\Chaudary_Autostore.dll (Workers: 1, Scope: MethodLevel).&#xD;
</StdOut>
    </Output>
  </ResultSummary>
</TestRun>