<?xml version="1.0" encoding="utf-8"?>
<TestRun id="28c9fb7f-bac6-49fc-a24c-6cf97c0d5da9" name="samiiabd@CRLHV-PRET37 2022-10-04 15:13:05" runUser="CONTOURSOFTWARE\samiiabd" xmlns="http://microsoft.com/schemas/VisualStudio/TeamTest/2010">
  <Times creation="2022-10-04T15:13:05.0659059+05:00" queuing="2022-10-04T15:13:05.0659059+05:00" start="2022-10-04T15:12:38.0287088+05:00" finish="2022-10-04T15:13:05.1189080+05:00" />
  <TestSettings name="default" id="3d774dec-4a4a-4a9c-a7e2-52464540c75f">
    <Deployment runDeploymentRoot="samiiabd_CRLHV-PRET37_2022-10-04_15_13_05" />
  </TestSettings>
  <Results>
    <UnitTestResult executionId="1a1c2500-933e-4221-8269-43f6da75f3ec" testId="203dc8f7-4870-453f-a376-f61873e45217" testName="LoginValid (Data Row 0)" computerName="CRLHV-PRET37" duration="00:00:19.3784728" startTime="2022-10-04T15:12:43.9691630+05:00" endTime="2022-10-04T15:13:04.7773741+05:00" testType="13cdc9d9-ddb5-4fa4-a97d-d965ccfc6d4b" outcome="Passed" testListId="8c84fa94-04c1-424b-9868-57a2d4851a1d" relativeResultsDirectory="1a1c2500-933e-4221-8269-43f6da75f3ec" />
  </Results>
  <TestDefinitions>
    <UnitTest name="LoginValid (Data Row 0)" storage="c:\users\samiiabd\source\repos\1999abdullah\chaudary-autostore\chaudary_autostore\bin\debug\chaudary_autostore.dll" id="203dc8f7-4870-453f-a376-f61873e45217">
      <TestCategory>
        <TestCategoryItem TestCategory="login" />
      </TestCategory>
      <Execution id="1a1c2500-933e-4221-8269-43f6da75f3ec" />
      <TestMethod codeBase="C:\Users\samiiabd\source\repos\1999abdullah\Chaudary-Autostore\Chaudary_Autostore\bin\Debug\Chaudary_Autostore.dll" adapterTypeName="executor://mstestadapter/v2" className="Chaudary_Autostore.Automation" name="LoginValid" />
    </UnitTest>
  </TestDefinitions>
  <TestEntries>
    <TestEntry testId="203dc8f7-4870-453f-a376-f61873e45217" executionId="1a1c2500-933e-4221-8269-43f6da75f3ec" testListId="8c84fa94-04c1-424b-9868-57a2d4851a1d" />
  </TestEntries>
  <TestLists>
    <TestList name="Results Not in a List" id="8c84fa94-04c1-424b-9868-57a2d4851a1d" />
    <TestList name="All Loaded Results" id="19431567-8539-422a-85d7-44ee4e166bda" />
  </TestLists>
  <ResultSummary outcome="Completed">
    <Counters total="1" executed="1" passed="1" failed="0" error="0" timeout="0" aborted="0" inconclusive="0" passedButRunAborted="0" notRunnable="0" notExecuted="0" disconnected="0" warning="0" completed="0" inProgress="0" pending="0" />
    <Output>
      <StdOut>MSTest Executor: Test Parallelization enabled for C:\Users\samiiabd\source\repos\1999abdullah\Chaudary-Autostore\Chaudary_Autostore\bin\Debug\Chaudary_Autostore.dll (Workers: 1, Scope: MethodLevel).&#xD;
</StdOut>
    </Output>
  </ResultSummary>
</TestRun>